2025-01-07 21:14:08,150 INFO    MainThread:49096 [wandb_setup.py:_flush():68] Current SDK version is 0.19.1
2025-01-07 21:14:08,151 INFO    MainThread:49096 [wandb_setup.py:_flush():68] Configure stats pid to 49096
2025-01-07 21:14:08,151 INFO    MainThread:49096 [wandb_setup.py:_flush():68] Loading settings from C:\Users\cestx\.config\wandb\settings
2025-01-07 21:14:08,151 INFO    MainThread:49096 [wandb_setup.py:_flush():68] Loading settings from D:\Student_FILE\HW\UIE\UIEC2Net_UIEB\wandb\settings
2025-01-07 21:14:08,151 INFO    MainThread:49096 [wandb_setup.py:_flush():68] Loading settings from environment variables
2025-01-07 21:14:08,152 INFO    MainThread:49096 [wandb_init.py:_log_setup():528] Logging user logs to .\wandb\run-20250107_211408-wvojd81t\logs\debug.log
2025-01-07 21:14:08,153 INFO    MainThread:49096 [wandb_init.py:_log_setup():529] Logging internal logs to .\wandb\run-20250107_211408-wvojd81t\logs\debug-internal.log
2025-01-07 21:14:08,154 INFO    MainThread:49096 [wandb_init.py:init():644] calling init triggers
2025-01-07 21:14:08,154 INFO    MainThread:49096 [wandb_init.py:init():650] wandb.init called with sweep_config: {}
config: {}
2025-01-07 21:14:08,154 INFO    MainThread:49096 [wandb_init.py:init():680] starting backend
2025-01-07 21:14:08,154 INFO    MainThread:49096 [wandb_init.py:init():684] sending inform_init request
2025-01-07 21:14:08,248 INFO    MainThread:49096 [backend.py:_multiprocessing_setup():104] multiprocessing start_methods=spawn, using: spawn
2025-01-07 21:14:08,251 INFO    MainThread:49096 [wandb_init.py:init():697] backend started and connected
2025-01-07 21:14:08,254 INFO    MainThread:49096 [wandb_init.py:init():790] updated telemetry
2025-01-07 21:14:08,432 INFO    MainThread:49096 [wandb_init.py:init():822] communicating run to backend with 90.0 second timeout
2025-01-07 21:15:06,365 INFO    Thread-7 (wrapped_target):49096 [retry.py:__call__():172] Retry attempt failed:
Traceback (most recent call last):
  File "C:\Users\cestx\anaconda3\envs\UIE\lib\site-packages\urllib3\connection.py", line 199, in _new_conn
    sock = connection.create_connection(
  File "C:\Users\cestx\anaconda3\envs\UIE\lib\site-packages\urllib3\util\connection.py", line 85, in create_connection
    raise err
  File "C:\Users\cestx\anaconda3\envs\UIE\lib\site-packages\urllib3\util\connection.py", line 73, in create_connection
    sock.connect(sa)
TimeoutError: timed out

The above exception was the direct cause of the following exception:

Traceback (most recent call last):
  File "C:\Users\cestx\anaconda3\envs\UIE\lib\site-packages\urllib3\connectionpool.py", line 789, in urlopen
    response = self._make_request(
  File "C:\Users\cestx\anaconda3\envs\UIE\lib\site-packages\urllib3\connectionpool.py", line 490, in _make_request
    raise new_e
  File "C:\Users\cestx\anaconda3\envs\UIE\lib\site-packages\urllib3\connectionpool.py", line 466, in _make_request
    self._validate_conn(conn)
  File "C:\Users\cestx\anaconda3\envs\UIE\lib\site-packages\urllib3\connectionpool.py", line 1095, in _validate_conn
    conn.connect()
  File "C:\Users\cestx\anaconda3\envs\UIE\lib\site-packages\urllib3\connection.py", line 693, in connect
    self.sock = sock = self._new_conn()
  File "C:\Users\cestx\anaconda3\envs\UIE\lib\site-packages\urllib3\connection.py", line 208, in _new_conn
    raise ConnectTimeoutError(
urllib3.exceptions.ConnectTimeoutError: (<urllib3.connection.HTTPSConnection object at 0x000001D3F37E3A90>, 'Connection to api.wandb.ai timed out. (connect timeout=20)')

The above exception was the direct cause of the following exception:

Traceback (most recent call last):
  File "C:\Users\cestx\anaconda3\envs\UIE\lib\site-packages\requests\adapters.py", line 667, in send
    resp = conn.urlopen(
  File "C:\Users\cestx\anaconda3\envs\UIE\lib\site-packages\urllib3\connectionpool.py", line 843, in urlopen
    retries = retries.increment(
  File "C:\Users\cestx\anaconda3\envs\UIE\lib\site-packages\urllib3\util\retry.py", line 519, in increment
    raise MaxRetryError(_pool, url, reason) from reason  # type: ignore[arg-type]
urllib3.exceptions.MaxRetryError: HTTPSConnectionPool(host='api.wandb.ai', port=443): Max retries exceeded with url: /graphql (Caused by ConnectTimeoutError(<urllib3.connection.HTTPSConnection object at 0x000001D3F37E3A90>, 'Connection to api.wandb.ai timed out. (connect timeout=20)'))

During handling of the above exception, another exception occurred:

Traceback (most recent call last):
  File "C:\Users\cestx\anaconda3\envs\UIE\lib\site-packages\wandb\sdk\lib\retry.py", line 131, in __call__
    result = self._call_fn(*args, **kwargs)
  File "C:\Users\cestx\anaconda3\envs\UIE\lib\site-packages\wandb\sdk\internal\internal_api.py", line 393, in execute
    return self.client.execute(*args, **kwargs)  # type: ignore
  File "C:\Users\cestx\anaconda3\envs\UIE\lib\site-packages\wandb\vendor\gql-0.2.0\wandb_gql\client.py", line 52, in execute
    result = self._get_result(document, *args, **kwargs)
  File "C:\Users\cestx\anaconda3\envs\UIE\lib\site-packages\wandb\vendor\gql-0.2.0\wandb_gql\client.py", line 60, in _get_result
    return self.transport.execute(document, *args, **kwargs)
  File "C:\Users\cestx\anaconda3\envs\UIE\lib\site-packages\wandb\sdk\lib\gql_request.py", line 58, in execute
    request = self.session.post(self.url, **post_args)
  File "C:\Users\cestx\anaconda3\envs\UIE\lib\site-packages\requests\sessions.py", line 637, in post
    return self.request("POST", url, data=data, json=json, **kwargs)
  File "C:\Users\cestx\anaconda3\envs\UIE\lib\site-packages\requests\sessions.py", line 589, in request
    resp = self.send(prep, **send_kwargs)
  File "C:\Users\cestx\anaconda3\envs\UIE\lib\site-packages\requests\sessions.py", line 703, in send
    r = adapter.send(request, **kwargs)
  File "C:\Users\cestx\anaconda3\envs\UIE\lib\site-packages\requests\adapters.py", line 688, in send
    raise ConnectTimeout(e, request=request)
requests.exceptions.ConnectTimeout: HTTPSConnectionPool(host='api.wandb.ai', port=443): Max retries exceeded with url: /graphql (Caused by ConnectTimeoutError(<urllib3.connection.HTTPSConnection object at 0x000001D3F37E3A90>, 'Connection to api.wandb.ai timed out. (connect timeout=20)'))
